[2025-12-14 12:29:59,107] INFO django.utils.autoreload Watching for file changes with StatReloader
[2025-12-14 12:30:36,801] INFO django.utils.autoreload /home/ushindi/Projects/Blog/Backend/myblogBackend/blog_app/views.py changed, reloading.
[2025-12-14 12:30:37,355] INFO django.utils.autoreload Watching for file changes with StatReloader
[2025-12-14 12:32:11,533] INFO django.utils.autoreload /home/ushindi/Projects/Blog/Backend/myblogBackend/blog_app/views.py changed, reloading.
[2025-12-14 12:32:12,070] INFO django.utils.autoreload Watching for file changes with StatReloader
[2025-12-14 12:33:25,799] INFO django.utils.autoreload /home/ushindi/Projects/Blog/Backend/myblogBackend/blog/settings.py changed, reloading.
[2025-12-14 12:33:26,405] INFO django.utils.autoreload Watching for file changes with StatReloader
[2025-12-14 12:33:35,432] INFO django.utils.autoreload /home/ushindi/Projects/Blog/Backend/myblogBackend/blog/settings.py changed, reloading.
[2025-12-14 12:33:36,025] INFO django.utils.autoreload Watching for file changes with StatReloader
[2025-12-14 13:07:20,800] INFO django.utils.autoreload /home/ushindi/Projects/Blog/Backend/myblogBackend/blog_app/views.py changed, reloading.
[2025-12-14 13:07:21,364] INFO django.utils.autoreload Watching for file changes with StatReloader
[2025-12-14 13:08:42,086] INFO django.utils.autoreload /home/ushindi/Projects/Blog/Backend/myblogBackend/blog_app/views.py changed, reloading.
[2025-12-14 13:08:42,666] INFO django.utils.autoreload Watching for file changes with StatReloader
[2025-12-14 13:09:54,456] INFO django.utils.autoreload /home/ushindi/Projects/Blog/Backend/myblogBackend/blog_app/views.py changed, reloading.
[2025-12-14 13:09:55,044] INFO django.utils.autoreload Watching for file changes with StatReloader
[2025-12-14 13:12:54,610] INFO django.utils.autoreload /home/ushindi/Projects/Blog/Backend/myblogBackend/blog_app/views.py changed, reloading.
[2025-12-14 13:12:55,209] INFO django.utils.autoreload Watching for file changes with StatReloader
[2025-12-14 13:13:01,203] INFO django.utils.autoreload /home/ushindi/Projects/Blog/Backend/myblogBackend/blog_app/views.py changed, reloading.
[2025-12-14 13:13:01,919] INFO django.utils.autoreload Watching for file changes with StatReloader
[2025-12-14 13:14:42,277] INFO django.utils.autoreload /home/ushindi/Projects/Blog/Backend/myblogBackend/blog_app/views.py changed, reloading.
[2025-12-14 13:14:42,911] INFO django.utils.autoreload Watching for file changes with StatReloader
[2025-12-14 13:15:29,949] INFO django.utils.autoreload /home/ushindi/Projects/Blog/Backend/myblogBackend/blog_app/views.py changed, reloading.
[2025-12-14 13:15:30,543] INFO django.utils.autoreload Watching for file changes with StatReloader
[2025-12-14 13:15:41,697] INFO django.utils.autoreload /home/ushindi/Projects/Blog/Backend/myblogBackend/blog_app/views.py changed, reloading.
[2025-12-14 13:15:42,412] INFO django.utils.autoreload Watching for file changes with StatReloader
[2025-12-14 13:17:24,042] INFO django.utils.autoreload /home/ushindi/Projects/Blog/Backend/myblogBackend/blog_app/views.py changed, reloading.
[2025-12-14 13:17:24,577] INFO django.utils.autoreload Watching for file changes with StatReloader
[2025-12-14 13:18:11,040] INFO backend User notifications fetched: Gideon Ushindi gtechcompany01@gmail.com
[2025-12-14 13:18:11,349] INFO backend GET /get_user_notifications/1/ | User: anonymous | Status: 200
[2025-12-14 13:18:11,350] INFO django.server "GET /get_user_notifications/1/ HTTP/1.1" 200 205
[2025-12-14 13:18:11,921] INFO backend GET /get_blog_posts/ | User: anonymous | Status: 200
[2025-12-14 13:18:11,923] INFO django.server "GET /get_blog_posts/ HTTP/1.1" 200 4684
[2025-12-14 13:18:13,122] INFO backend User notifications fetched: Gideon Ushindi gtechcompany01@gmail.com
[2025-12-14 13:18:13,400] INFO backend GET /get_user_notifications/1/ | User: anonymous | Status: 200
[2025-12-14 13:18:13,401] INFO django.server "GET /get_user_notifications/1/ HTTP/1.1" 200 205
[2025-12-14 13:18:37,879] INFO backend GET /get_blog_posts/ | User: anonymous | Status: 200
[2025-12-14 13:18:37,881] INFO django.server "GET /get_blog_posts/ HTTP/1.1" 200 4684
[2025-12-14 13:18:40,362] INFO backend GET /get_blog_posts/ | User: anonymous | Status: 200
[2025-12-14 13:18:40,364] INFO django.server "GET /get_blog_posts/ HTTP/1.1" 200 4684
[2025-12-14 13:19:12,286] INFO django.server "OPTIONS /signin/ HTTP/1.1" 200 0
[2025-12-14 13:19:14,798] INFO backend User sign in: Email: gtechcompany01@gmail.com
[2025-12-14 13:19:15,082] INFO backend POST /signin/ | User: anonymous | Status: 200
[2025-12-14 13:19:16,186] INFO django.server "POST /signin/ HTTP/1.1" 200 1226
[2025-12-14 13:19:18,919] INFO backend GET /get_messages/ | User: anonymous | Status: 200
[2025-12-14 13:19:18,921] INFO django.server "GET /get_messages/ HTTP/1.1" 200 417
[2025-12-14 13:19:20,587] INFO backend GET /get_dashboard_data/ | User: anonymous | Status: 200
[2025-12-14 13:19:20,589] INFO django.server "GET /get_dashboard_data/ HTTP/1.1" 200 193
[2025-12-14 13:19:22,049] INFO backend GET /get_messages/ | User: anonymous | Status: 200
[2025-12-14 13:19:22,051] INFO django.server "GET /get_messages/ HTTP/1.1" 200 417
[2025-12-14 13:19:25,046] INFO backend GET /get_dashboard_data/ | User: anonymous | Status: 200
[2025-12-14 13:19:25,048] INFO django.server "GET /get_dashboard_data/ HTTP/1.1" 200 193
